[debug] [2025-12-10T21:14:14.894Z] ----------------------------------------------------------------------
[debug] [2025-12-10T21:14:14.897Z] Command:       /home/jamie/.nvm/versions/node/v22.17.1/bin/node /home/jamie/.nvm/versions/node/v22.17.1/bin/firebase init hosting
[debug] [2025-12-10T21:14:14.898Z] CLI Version:   14.27.0
[debug] [2025-12-10T21:14:14.898Z] Platform:      linux
[debug] [2025-12-10T21:14:14.899Z] Node Version:  v22.17.1
[debug] [2025-12-10T21:14:14.899Z] Time:          Wed Dec 10 2025 22:14:14 GMT+0100 (Central European Standard Time)
[debug] [2025-12-10T21:14:14.899Z] ----------------------------------------------------------------------
[debug] 
[info] 
     ######## #### ########  ######## ########     ###     ######  ########
     ##        ##  ##     ## ##       ##     ##  ##   ##  ##       ##
     ######    ##  ########  ######   ########  #########  ######  ######
     ##        ##  ##    ##  ##       ##     ## ##     ##       ## ##
     ##       #### ##     ## ######## ########  ##     ##  ######  ########

You're about to initialize a Firebase project in this directory:

  /home/jamie/Documents/starlingstrategies

Before we get started, keep in mind:

  * You are initializing within an existing Firebase project directory

[info] 
=== Project Setup
[info] 
[info] First, let's associate this project directory with a Firebase project.
[info] You can create multiple project aliases by running firebase use --add, 
[info] 
[debug] [2025-12-10T21:14:15.266Z] > command requires scopes: ["email","openid","https://www.googleapis.com/auth/cloudplatformprojects.readonly","https://www.googleapis.com/auth/firebase","https://www.googleapis.com/auth/cloud-platform"]
[debug] [2025-12-10T21:14:15.266Z] > authorizing via signed-in user (wubben.jamie@outlook.com)
[debug] [2025-12-10T21:14:15.268Z] Checked if tokens are valid: true, expires at: 1765404512864
[debug] [2025-12-10T21:14:15.268Z] Checked if tokens are valid: true, expires at: 1765404512864
[debug] [2025-12-10T21:14:15.270Z] >>> [apiv2][query] GET https://firebase.googleapis.com/v1beta1/projects/starlingstrategies-website [none]
[debug] [2025-12-10T21:14:15.652Z] <<< [apiv2][status] GET https://firebase.googleapis.com/v1beta1/projects/starlingstrategies-website 200
[debug] [2025-12-10T21:14:15.653Z] <<< [apiv2][body] GET https://firebase.googleapis.com/v1beta1/projects/starlingstrategies-website {"projectId":"starlingstrategies-website","projectNumber":"500343791812","displayName":"starlingstrategies-website","name":"projects/starlingstrategies-website","resources":{"hostingSite":"starlingstrategies-website"},"state":"ACTIVE","etag":"1_d5ea6231-68ad-4cf5-9341-f8295210d072"}
[info] i  Using project starlingstrategies-website (starlingstrategies-website) . 
[info] 
=== Hosting Setup
[debug] [2025-12-10T21:14:15.668Z] Checked if tokens are valid: true, expires at: 1765404512864
[debug] [2025-12-10T21:14:15.668Z] Checked if tokens are valid: true, expires at: 1765404512864
[debug] [2025-12-10T21:14:15.668Z] >>> [apiv2][query] GET https://firebase.googleapis.com/v1beta1/projects/starlingstrategies-website [none]
[debug] [2025-12-10T21:14:15.953Z] <<< [apiv2][status] GET https://firebase.googleapis.com/v1beta1/projects/starlingstrategies-website 200
[debug] [2025-12-10T21:14:15.953Z] <<< [apiv2][body] GET https://firebase.googleapis.com/v1beta1/projects/starlingstrategies-website {"projectId":"starlingstrategies-website","projectNumber":"500343791812","displayName":"starlingstrategies-website","name":"projects/starlingstrategies-website","resources":{"hostingSite":"starlingstrategies-website"},"state":"ACTIVE","etag":"1_d5ea6231-68ad-4cf5-9341-f8295210d072"}
[debug] [2025-12-10T21:14:39.087Z] ExitPromptError: User force closed the prompt with SIGINT
    at Interface.sigint (/home/jamie/.nvm/versions/node/v22.17.1/lib/node_modules/firebase-tools/node_modules/@inquirer/core/dist/commonjs/lib/create-prompt.js:101:37)
    at Interface.emit (node:events:518:28)
    at Interface.emit (node:domain:489:12)
    at [_ttyWrite] [as _ttyWrite] (node:internal/readline/interface:1132:18)
    at ReadStream.onkeypress (node:internal/readline/interface:271:20)
    at ReadStream.emit (node:events:530:35)
    at ReadStream.emit (node:domain:489:12)
    at emitKeys (node:internal/readline/utils:370:14)
    at emitKeys.next (<anonymous>)
    at ReadStream.onData (node:internal/readline/emitKeypressEvents:64:36)
[error] 
[error] Error: An unexpected error has occurred.
